May 1 Occurrences of suspicious traffic at DPT 3128 (MyDoom Virus):
637
May 1 Occurrences of suspicious traffic at DPT 1255 (Scarab Trojan):
2318
May 1 Occurrences of suspicious traffic at DPT 21 (Doly Trojan):
550
---------------------------------------------------------------------
May 2 Occurrences of suspicious traffic at DPT 3128 (MyDoom Virus):
775
May 2 Occurrences of suspicious traffic at DPT 1255 (Scarab Trojan):
2015
May 2 Occurrences of suspicious traffic at DPT 21 (Doly Trojan):
443
---------------------------------------------------------------------
May 3 Occurrences of suspicious traffic at DPT 3128 (MyDoom Virus):
0
May 3 Occurrences of suspicious traffic at DPT 1255 (Scarab Trojan):
239
May 3 Occurrences of suspicious traffic at DPT 21 (Doly Trojan):
38
---------------------------------------------------------------------
May 4 Occurrences of suspicious traffic at DPT 3128 (MyDoom Virus):
0
May 4 Occurrences of suspicious traffic at DPT 1255 (Scarab Trojan):
237
May 4 Occurrences of suspicious traffic at DPT 21 (Doly Trojan):
15
---------------------------------------------------------------------
May 5 Occurrences of suspicious traffic at DPT 3128 (MyDoom Virus):
22
May 5 Occurrences of suspicious traffic at DPT 1255 (Scarab Trojan):
239
May 5 Occurrences of suspicious traffic at DPT 21 (Doly Trojan):
216
---------------------------------------------------------------------
May 6 Occurrences of suspicious traffic at DPT 3128 (MyDoom Virus):
63
May 6 Occurrences of suspicious traffic at DPT 1255 (Scarab Trojan):
225
May 6 Occurrences of suspicious traffic at DPT 21 (Doly Trojan):
49
---------------------------------------------------------------------
May 7 Occurrences of suspicious traffic at DPT 3128 (MyDoom Virus):
0
May 7 Occurrences of suspicious traffic at DPT 1255 (Scarab Trojan):
208
May 7 Occurrences of suspicious traffic at DPT 21 (Doly Trojan):
22
---------------------------------------------------------------------
May 8 Occurrences of suspicious traffic at DPT 3128 (MyDoom Virus):
0
May 8 Occurrences of suspicious traffic at DPT 1255 (Scarab Trojan):
215
May 8 Occurrences of suspicious traffic at DPT 21 (Doly Trojan):
49
---------------------------------------------------------------------
May 9 Occurrences of suspicious traffic at DPT 3128 (MyDoom Virus):
42
May 9 Occurrences of suspicious traffic at DPT 1255 (Scarab Trojan):
218
May 9 Occurrences of suspicious traffic at DPT 21 (Doly Trojan):
56
---------------------------------------------------------------------
May 10 Occurrences of suspicious traffic at DPT 3128 (MyDoom Virus):
0
May 10 Occurrences of suspicious traffic at DPT 1255 (Scarab Trojan):
136
May 10 Occurrences of suspicious traffic at DPT 21 (Doly Trojan):
5
---------------------------------------------------------------------
May 11 Occurrences of suspicious traffic at DPT 3128 (MyDoom Virus):
35
May 11 Occurrences of suspicious traffic at DPT 1255 (Scarab Trojan):
127
May 11 Occurrences of suspicious traffic at DPT 21 (Doly Trojan):
11
---------------------------------------------------------------------
May 12 Occurrences of suspicious traffic at DPT 3128 (MyDoom Virus):
98
May 12 Occurrences of suspicious traffic at DPT 1255 (Scarab Trojan):
273
May 12 Occurrences of suspicious traffic at DPT 21 (Doly Trojan):
38
---------------------------------------------------------------------
May 13 Occurrences of suspicious traffic at DPT 3128 (MyDoom Virus):
62
May 13 Occurrences of suspicious traffic at DPT 1255 (Scarab Trojan):
247
May 13 Occurrences of suspicious traffic at DPT 21 (Doly Trojan):
55
---------------------------------------------------------------------
May 14 Occurrences of suspicious traffic at DPT 3128 (MyDoom Virus):
41
May 14 Occurrences of suspicious traffic at DPT 1255 (Scarab Trojan):
191
May 14 Occurrences of suspicious traffic at DPT 21 (Doly Trojan):
111
---------------------------------------------------------------------
May 15 Occurrences of suspicious traffic at DPT 3128 (MyDoom Virus):
137
May 15 Occurrences of suspicious traffic at DPT 1255 (Scarab Trojan):
217
May 15 Occurrences of suspicious traffic at DPT 21 (Doly Trojan):
4
---------------------------------------------------------------------
May 16 Occurrences of suspicious traffic at DPT 3128 (MyDoom Virus):
58
May 16 Occurrences of suspicious traffic at DPT 1255 (Scarab Trojan):
237
May 16 Occurrences of suspicious traffic at DPT 21 (Doly Trojan):
35
---------------------------------------------------------------------
May 17 Occurrences of suspicious traffic at DPT 3128 (MyDoom Virus):
0
May 17 Occurrences of suspicious traffic at DPT 1255 (Scarab Trojan):
225
May 17 Occurrences of suspicious traffic at DPT 21 (Doly Trojan):
105
---------------------------------------------------------------------
May 18 Occurrences of suspicious traffic at DPT 3128 (MyDoom Virus):
142
May 18 Occurrences of suspicious traffic at DPT 1255 (Scarab Trojan):
267
May 18 Occurrences of suspicious traffic at DPT 21 (Doly Trojan):
97
---------------------------------------------------------------------
May 19 Occurrences of suspicious traffic at DPT 3128 (MyDoom Virus):
59
May 19 Occurrences of suspicious traffic at DPT 1255 (Scarab Trojan):
236
May 19 Occurrences of suspicious traffic at DPT 21 (Doly Trojan):
16
---------------------------------------------------------------------
May 20 Occurrences of suspicious traffic at DPT 3128 (MyDoom Virus):
95
May 20 Occurrences of suspicious traffic at DPT 1255 (Scarab Trojan):
214
May 20 Occurrences of suspicious traffic at DPT 21 (Doly Trojan):
91
---------------------------------------------------------------------
May 21 Occurrences of suspicious traffic at DPT 3128 (MyDoom Virus):
98
May 21 Occurrences of suspicious traffic at DPT 1255 (Scarab Trojan):
230
May 21 Occurrences of suspicious traffic at DPT 21 (Doly Trojan):
50
---------------------------------------------------------------------
May 22 Occurrences of suspicious traffic at DPT 3128 (MyDoom Virus):
51
May 22 Occurrences of suspicious traffic at DPT 1255 (Scarab Trojan):
195
May 22 Occurrences of suspicious traffic at DPT 21 (Doly Trojan):
84
---------------------------------------------------------------------
May 23 Occurrences of suspicious traffic at DPT 3128 (MyDoom Virus):
96
May 23 Occurrences of suspicious traffic at DPT 1255 (Scarab Trojan):
227
May 23 Occurrences of suspicious traffic at DPT 21 (Doly Trojan):
19
---------------------------------------------------------------------
May 24 Occurrences of suspicious traffic at DPT 3128 (MyDoom Virus):
148
May 24 Occurrences of suspicious traffic at DPT 1255 (Scarab Trojan):
245
May 24 Occurrences of suspicious traffic at DPT 21 (Doly Trojan):
53
---------------------------------------------------------------------
May 25 Occurrences of suspicious traffic at DPT 3128 (MyDoom Virus):
87
May 25 Occurrences of suspicious traffic at DPT 1255 (Scarab Trojan):
248
May 25 Occurrences of suspicious traffic at DPT 21 (Doly Trojan):
12
---------------------------------------------------------------------
May 26 Occurrences of suspicious traffic at DPT 3128 (MyDoom Virus):
93
May 26 Occurrences of suspicious traffic at DPT 1255 (Scarab Trojan):
255
May 26 Occurrences of suspicious traffic at DPT 21 (Doly Trojan):
70
---------------------------------------------------------------------
May 27 Occurrences of suspicious traffic at DPT 3128 (MyDoom Virus):
93
May 27 Occurrences of suspicious traffic at DPT 1255 (Scarab Trojan):
165
May 27 Occurrences of suspicious traffic at DPT 21 (Doly Trojan):
12
---------------------------------------------------------------------
